running egg_info
creating ../build/cartographer_slam/cartographer_slam.egg-info
writing ../build/cartographer_slam/cartographer_slam.egg-info/PKG-INFO
writing dependency_links to ../build/cartographer_slam/cartographer_slam.egg-info/dependency_links.txt
writing entry points to ../build/cartographer_slam/cartographer_slam.egg-info/entry_points.txt
writing requirements to ../build/cartographer_slam/cartographer_slam.egg-info/requires.txt
writing top-level names to ../build/cartographer_slam/cartographer_slam.egg-info/top_level.txt
writing manifest file '../build/cartographer_slam/cartographer_slam.egg-info/SOURCES.txt'
reading manifest file '../build/cartographer_slam/cartographer_slam.egg-info/SOURCES.txt'
writing manifest file '../build/cartographer_slam/cartographer_slam.egg-info/SOURCES.txt'
running build
running build_py
creating /home/morg/project_masterclass_ws/src/rb1_nav/build/cartographer_slam/build
creating /home/morg/project_masterclass_ws/src/rb1_nav/build/cartographer_slam/build/lib
creating /home/morg/project_masterclass_ws/src/rb1_nav/build/cartographer_slam/build/lib/cartographer_slam
copying cartographer_slam/__init__.py -> /home/morg/project_masterclass_ws/src/rb1_nav/build/cartographer_slam/build/lib/cartographer_slam
running install
running install_lib
creating /home/morg/project_masterclass_ws/src/rb1_nav/install/cartographer_slam/lib/python3.10/site-packages/cartographer_slam
copying /home/morg/project_masterclass_ws/src/rb1_nav/build/cartographer_slam/build/lib/cartographer_slam/__init__.py -> /home/morg/project_masterclass_ws/src/rb1_nav/install/cartographer_slam/lib/python3.10/site-packages/cartographer_slam
byte-compiling /home/morg/project_masterclass_ws/src/rb1_nav/install/cartographer_slam/lib/python3.10/site-packages/cartographer_slam/__init__.py to __init__.cpython-310.pyc
running install_data
creating /home/morg/project_masterclass_ws/src/rb1_nav/install/cartographer_slam/share/ament_index
creating /home/morg/project_masterclass_ws/src/rb1_nav/install/cartographer_slam/share/ament_index/resource_index
creating /home/morg/project_masterclass_ws/src/rb1_nav/install/cartographer_slam/share/ament_index/resource_index/packages
copying resource/cartographer_slam -> /home/morg/project_masterclass_ws/src/rb1_nav/install/cartographer_slam/share/ament_index/resource_index/packages
copying package.xml -> /home/morg/project_masterclass_ws/src/rb1_nav/install/cartographer_slam/share/cartographer_slam
creating /home/morg/project_masterclass_ws/src/rb1_nav/install/cartographer_slam/share/cartographer_slam/launch
copying launch/cartographer.launch.py -> /home/morg/project_masterclass_ws/src/rb1_nav/install/cartographer_slam/share/cartographer_slam/launch
creating /home/morg/project_masterclass_ws/src/rb1_nav/install/cartographer_slam/share/cartographer_slam/config
copying config/cartographer.lua -> /home/morg/project_masterclass_ws/src/rb1_nav/install/cartographer_slam/share/cartographer_slam/config
creating /home/morg/project_masterclass_ws/src/rb1_nav/install/cartographer_slam/share/cartographer_slam/rviz
copying rviz/rviz_config.rviz -> /home/morg/project_masterclass_ws/src/rb1_nav/install/cartographer_slam/share/cartographer_slam/rviz
running install_egg_info
Copying ../build/cartographer_slam/cartographer_slam.egg-info to /home/morg/project_masterclass_ws/src/rb1_nav/install/cartographer_slam/lib/python3.10/site-packages/cartographer_slam-0.0.0-py3.10.egg-info
running install_scripts
writing list of installed files to '/home/morg/project_masterclass_ws/src/rb1_nav/build/cartographer_slam/install.log'
