[0.876s] Invoking command in '/home/morg/project_masterclass_ws/src/rb1_nav/cartographer_slam': PYTHONPATH=/home/morg/project_masterclass_ws/src/rb1_nav/build/cartographer_slam/prefix_override:/home/morg/project_masterclass_ws/src/rb1_nav/install/cartographer_slam/lib/python3.10/site-packages:${PYTHONPATH} /usr/bin/python3 -W ignore:setup.py install is deprecated setup.py egg_info --egg-base ../build/cartographer_slam build --build-base /home/morg/project_masterclass_ws/src/rb1_nav/build/cartographer_slam/build install --record /home/morg/project_masterclass_ws/src/rb1_nav/build/cartographer_slam/install.log --single-version-externally-managed install_data
[1.179s] running egg_info
[1.180s] creating ../build/cartographer_slam/cartographer_slam.egg-info
[1.180s] writing ../build/cartographer_slam/cartographer_slam.egg-info/PKG-INFO
[1.180s] writing dependency_links to ../build/cartographer_slam/cartographer_slam.egg-info/dependency_links.txt
[1.181s] writing entry points to ../build/cartographer_slam/cartographer_slam.egg-info/entry_points.txt
[1.181s] writing requirements to ../build/cartographer_slam/cartographer_slam.egg-info/requires.txt
[1.181s] writing top-level names to ../build/cartographer_slam/cartographer_slam.egg-info/top_level.txt
[1.181s] writing manifest file '../build/cartographer_slam/cartographer_slam.egg-info/SOURCES.txt'
[1.183s] reading manifest file '../build/cartographer_slam/cartographer_slam.egg-info/SOURCES.txt'
[1.184s] writing manifest file '../build/cartographer_slam/cartographer_slam.egg-info/SOURCES.txt'
[1.184s] running build
[1.185s] running build_py
[1.185s] creating /home/morg/project_masterclass_ws/src/rb1_nav/build/cartographer_slam/build
[1.185s] creating /home/morg/project_masterclass_ws/src/rb1_nav/build/cartographer_slam/build/lib
[1.185s] creating /home/morg/project_masterclass_ws/src/rb1_nav/build/cartographer_slam/build/lib/cartographer_slam
[1.185s] copying cartographer_slam/__init__.py -> /home/morg/project_masterclass_ws/src/rb1_nav/build/cartographer_slam/build/lib/cartographer_slam
[1.185s] running install
[1.185s] running install_lib
[1.186s] creating /home/morg/project_masterclass_ws/src/rb1_nav/install/cartographer_slam/lib/python3.10/site-packages/cartographer_slam
[1.186s] copying /home/morg/project_masterclass_ws/src/rb1_nav/build/cartographer_slam/build/lib/cartographer_slam/__init__.py -> /home/morg/project_masterclass_ws/src/rb1_nav/install/cartographer_slam/lib/python3.10/site-packages/cartographer_slam
[1.187s] byte-compiling /home/morg/project_masterclass_ws/src/rb1_nav/install/cartographer_slam/lib/python3.10/site-packages/cartographer_slam/__init__.py to __init__.cpython-310.pyc
[1.187s] running install_data
[1.187s] creating /home/morg/project_masterclass_ws/src/rb1_nav/install/cartographer_slam/share/ament_index
[1.188s] creating /home/morg/project_masterclass_ws/src/rb1_nav/install/cartographer_slam/share/ament_index/resource_index
[1.188s] creating /home/morg/project_masterclass_ws/src/rb1_nav/install/cartographer_slam/share/ament_index/resource_index/packages
[1.188s] copying resource/cartographer_slam -> /home/morg/project_masterclass_ws/src/rb1_nav/install/cartographer_slam/share/ament_index/resource_index/packages
[1.188s] copying package.xml -> /home/morg/project_masterclass_ws/src/rb1_nav/install/cartographer_slam/share/cartographer_slam
[1.188s] creating /home/morg/project_masterclass_ws/src/rb1_nav/install/cartographer_slam/share/cartographer_slam/launch
[1.189s] copying launch/cartographer.launch.py -> /home/morg/project_masterclass_ws/src/rb1_nav/install/cartographer_slam/share/cartographer_slam/launch
[1.189s] creating /home/morg/project_masterclass_ws/src/rb1_nav/install/cartographer_slam/share/cartographer_slam/config
[1.189s] copying config/cartographer.lua -> /home/morg/project_masterclass_ws/src/rb1_nav/install/cartographer_slam/share/cartographer_slam/config
[1.189s] creating /home/morg/project_masterclass_ws/src/rb1_nav/install/cartographer_slam/share/cartographer_slam/rviz
[1.189s] copying rviz/rviz_config.rviz -> /home/morg/project_masterclass_ws/src/rb1_nav/install/cartographer_slam/share/cartographer_slam/rviz
[1.189s] running install_egg_info
[1.190s] Copying ../build/cartographer_slam/cartographer_slam.egg-info to /home/morg/project_masterclass_ws/src/rb1_nav/install/cartographer_slam/lib/python3.10/site-packages/cartographer_slam-0.0.0-py3.10.egg-info
[1.192s] running install_scripts
[1.218s] writing list of installed files to '/home/morg/project_masterclass_ws/src/rb1_nav/build/cartographer_slam/install.log'
[1.250s] Invoked command in '/home/morg/project_masterclass_ws/src/rb1_nav/cartographer_slam' returned '0': PYTHONPATH=/home/morg/project_masterclass_ws/src/rb1_nav/build/cartographer_slam/prefix_override:/home/morg/project_masterclass_ws/src/rb1_nav/install/cartographer_slam/lib/python3.10/site-packages:${PYTHONPATH} /usr/bin/python3 -W ignore:setup.py install is deprecated setup.py egg_info --egg-base ../build/cartographer_slam build --build-base /home/morg/project_masterclass_ws/src/rb1_nav/build/cartographer_slam/build install --record /home/morg/project_masterclass_ws/src/rb1_nav/build/cartographer_slam/install.log --single-version-externally-managed install_data
