[0.177s] DEBUG:colcon:Command line arguments: ['/usr/bin/colcon', 'build', '--packages-select', 'cartographer_slam']
[0.177s] DEBUG:colcon:Parsed command line arguments: Namespace(log_base=None, log_level=None, verb_name='build', build_base='build', install_base='install', merge_install=False, symlink_install=False, test_result_base=None, continue_on_error=False, executor='parallel', parallel_workers=8, event_handlers=None, ignore_user_meta=False, metas=['./colcon.meta'], base_paths=['.'], packages_ignore=None, packages_ignore_regex=None, paths=None, packages_up_to=None, packages_up_to_regex=None, packages_above=None, packages_above_and_dependencies=None, packages_above_depth=None, packages_select_by_dep=None, packages_skip_by_dep=None, packages_skip_up_to=None, packages_select_build_failed=False, packages_skip_build_finished=False, packages_select_test_failures=False, packages_skip_test_passed=False, packages_select=['cartographer_slam'], packages_skip=None, packages_select_regex=None, packages_skip_regex=None, packages_start=None, packages_end=None, allow_overriding=[], cmake_args=None, cmake_target=None, cmake_target_skip_unavailable=False, cmake_clean_cache=False, cmake_clean_first=False, cmake_force_configure=False, ament_cmake_args=None, catkin_cmake_args=None, catkin_skip_building_tests=False, mixin_files=None, mixin=None, verb_parser=<colcon_mixin.mixin.mixin_argument.MixinArgumentDecorator object at 0x7fb813e85ea0>, verb_extension=<colcon_core.verb.build.BuildVerb object at 0x7fb813e858d0>, main=<bound method BuildVerb.main of <colcon_core.verb.build.BuildVerb object at 0x7fb813e858d0>>, mixin_verb=('build',))
[0.426s] Level 1:colcon.colcon_core.package_discovery:discover_packages(colcon_meta) check parameters
[0.426s] Level 1:colcon.colcon_core.package_discovery:discover_packages(recursive) check parameters
[0.426s] Level 1:colcon.colcon_core.package_discovery:discover_packages(ignore) check parameters
[0.426s] Level 1:colcon.colcon_core.package_discovery:discover_packages(path) check parameters
[0.426s] Level 1:colcon.colcon_core.package_discovery:discover_packages(colcon_meta) discover
[0.426s] Level 1:colcon.colcon_core.package_discovery:discover_packages(recursive) discover
[0.426s] INFO:colcon.colcon_core.package_discovery:Crawling recursively for packages in '/home/morg/project_masterclass_ws/src/rb1_nav'
[0.426s] Level 1:colcon.colcon_core.package_identification:_identify(.) by extensions ['ignore', 'ignore_ament_install']
[0.426s] Level 1:colcon.colcon_core.package_identification:_identify(.) by extension 'ignore'
[0.426s] Level 1:colcon.colcon_core.package_identification:_identify(.) by extension 'ignore_ament_install'
[0.426s] Level 1:colcon.colcon_core.package_identification:_identify(.) by extensions ['colcon_pkg']
[0.427s] Level 1:colcon.colcon_core.package_identification:_identify(.) by extension 'colcon_pkg'
[0.427s] Level 1:colcon.colcon_core.package_identification:_identify(.) by extensions ['colcon_meta']
[0.427s] Level 1:colcon.colcon_core.package_identification:_identify(.) by extension 'colcon_meta'
[0.427s] Level 1:colcon.colcon_core.package_identification:_identify(.) by extensions ['ros']
[0.427s] Level 1:colcon.colcon_core.package_identification:_identify(.) by extension 'ros'
[0.439s] Level 1:colcon.colcon_core.package_identification:_identify(.) by extensions ['cmake', 'python']
[0.439s] Level 1:colcon.colcon_core.package_identification:_identify(.) by extension 'cmake'
[0.440s] Level 1:colcon.colcon_core.package_identification:_identify(.) by extension 'python'
[0.440s] Level 1:colcon.colcon_core.package_identification:_identify(.) by extensions ['python_setup_py']
[0.440s] Level 1:colcon.colcon_core.package_identification:_identify(.) by extension 'python_setup_py'
[0.440s] Level 1:colcon.colcon_core.package_identification:_identify(build) by extensions ['ignore', 'ignore_ament_install']
[0.440s] Level 1:colcon.colcon_core.package_identification:_identify(build) by extension 'ignore'
[0.440s] Level 1:colcon.colcon_core.package_identification:_identify(build) ignored
[0.440s] Level 1:colcon.colcon_core.package_identification:_identify(cartographer_slam) by extensions ['ignore', 'ignore_ament_install']
[0.440s] Level 1:colcon.colcon_core.package_identification:_identify(cartographer_slam) by extension 'ignore'
[0.440s] Level 1:colcon.colcon_core.package_identification:_identify(cartographer_slam) by extension 'ignore_ament_install'
[0.440s] Level 1:colcon.colcon_core.package_identification:_identify(cartographer_slam) by extensions ['colcon_pkg']
[0.440s] Level 1:colcon.colcon_core.package_identification:_identify(cartographer_slam) by extension 'colcon_pkg'
[0.440s] Level 1:colcon.colcon_core.package_identification:_identify(cartographer_slam) by extensions ['colcon_meta']
[0.440s] Level 1:colcon.colcon_core.package_identification:_identify(cartographer_slam) by extension 'colcon_meta'
[0.440s] Level 1:colcon.colcon_core.package_identification:_identify(cartographer_slam) by extensions ['ros']
[0.440s] Level 1:colcon.colcon_core.package_identification:_identify(cartographer_slam) by extension 'ros'
[0.443s] DEBUG:colcon.colcon_core.package_identification:Package 'cartographer_slam' with type 'ros.ament_python' and name 'cartographer_slam'
[0.443s] Level 1:colcon.colcon_core.package_identification:_identify(install) by extensions ['ignore', 'ignore_ament_install']
[0.443s] Level 1:colcon.colcon_core.package_identification:_identify(install) by extension 'ignore'
[0.443s] Level 1:colcon.colcon_core.package_identification:_identify(install) ignored
[0.443s] Level 1:colcon.colcon_core.package_identification:_identify(localization_server) by extensions ['ignore', 'ignore_ament_install']
[0.443s] Level 1:colcon.colcon_core.package_identification:_identify(localization_server) by extension 'ignore'
[0.443s] Level 1:colcon.colcon_core.package_identification:_identify(localization_server) by extension 'ignore_ament_install'
[0.444s] Level 1:colcon.colcon_core.package_identification:_identify(localization_server) by extensions ['colcon_pkg']
[0.444s] Level 1:colcon.colcon_core.package_identification:_identify(localization_server) by extension 'colcon_pkg'
[0.444s] Level 1:colcon.colcon_core.package_identification:_identify(localization_server) by extensions ['colcon_meta']
[0.444s] Level 1:colcon.colcon_core.package_identification:_identify(localization_server) by extension 'colcon_meta'
[0.444s] Level 1:colcon.colcon_core.package_identification:_identify(localization_server) by extensions ['ros']
[0.444s] Level 1:colcon.colcon_core.package_identification:_identify(localization_server) by extension 'ros'
[0.445s] DEBUG:colcon.colcon_core.package_identification:Package 'localization_server' with type 'ros.ament_python' and name 'localization_server'
[0.445s] Level 1:colcon.colcon_core.package_identification:_identify(log) by extensions ['ignore', 'ignore_ament_install']
[0.445s] Level 1:colcon.colcon_core.package_identification:_identify(log) by extension 'ignore'
[0.445s] Level 1:colcon.colcon_core.package_identification:_identify(log) ignored
[0.445s] Level 1:colcon.colcon_core.package_identification:_identify(map_server) by extensions ['ignore', 'ignore_ament_install']
[0.445s] Level 1:colcon.colcon_core.package_identification:_identify(map_server) by extension 'ignore'
[0.445s] Level 1:colcon.colcon_core.package_identification:_identify(map_server) by extension 'ignore_ament_install'
[0.445s] Level 1:colcon.colcon_core.package_identification:_identify(map_server) by extensions ['colcon_pkg']
[0.445s] Level 1:colcon.colcon_core.package_identification:_identify(map_server) by extension 'colcon_pkg'
[0.446s] Level 1:colcon.colcon_core.package_identification:_identify(map_server) by extensions ['colcon_meta']
[0.446s] Level 1:colcon.colcon_core.package_identification:_identify(map_server) by extension 'colcon_meta'
[0.446s] Level 1:colcon.colcon_core.package_identification:_identify(map_server) by extensions ['ros']
[0.446s] Level 1:colcon.colcon_core.package_identification:_identify(map_server) by extension 'ros'
[0.447s] DEBUG:colcon.colcon_core.package_identification:Package 'map_server' with type 'ros.ament_python' and name 'map_server'
[0.447s] Level 1:colcon.colcon_core.package_identification:_identify(path_planner_server) by extensions ['ignore', 'ignore_ament_install']
[0.447s] Level 1:colcon.colcon_core.package_identification:_identify(path_planner_server) by extension 'ignore'
[0.447s] Level 1:colcon.colcon_core.package_identification:_identify(path_planner_server) by extension 'ignore_ament_install'
[0.447s] Level 1:colcon.colcon_core.package_identification:_identify(path_planner_server) by extensions ['colcon_pkg']
[0.447s] Level 1:colcon.colcon_core.package_identification:_identify(path_planner_server) by extension 'colcon_pkg'
[0.447s] Level 1:colcon.colcon_core.package_identification:_identify(path_planner_server) by extensions ['colcon_meta']
[0.447s] Level 1:colcon.colcon_core.package_identification:_identify(path_planner_server) by extension 'colcon_meta'
[0.447s] Level 1:colcon.colcon_core.package_identification:_identify(path_planner_server) by extensions ['ros']
[0.447s] Level 1:colcon.colcon_core.package_identification:_identify(path_planner_server) by extension 'ros'
[0.448s] DEBUG:colcon.colcon_core.package_identification:Package 'path_planner_server' with type 'ros.ament_python' and name 'path_planner_server'
[0.448s] Level 1:colcon.colcon_core.package_discovery:discover_packages(recursive) using defaults
[0.448s] Level 1:colcon.colcon_core.package_discovery:discover_packages(ignore) discover
[0.448s] Level 1:colcon.colcon_core.package_discovery:discover_packages(ignore) using defaults
[0.448s] Level 1:colcon.colcon_core.package_discovery:discover_packages(path) discover
[0.448s] Level 1:colcon.colcon_core.package_discovery:discover_packages(path) using defaults
[0.483s] INFO:colcon.colcon_core.package_selection:Skipping not selected package 'localization_server' in 'localization_server'
[0.483s] INFO:colcon.colcon_core.package_selection:Skipping not selected package 'map_server' in 'map_server'
[0.483s] INFO:colcon.colcon_core.package_selection:Skipping not selected package 'path_planner_server' in 'path_planner_server'
[0.485s] Level 1:colcon.colcon_core.package_discovery:discover_packages(prefix_path) check parameters
[0.485s] Level 1:colcon.colcon_core.package_discovery:discover_packages(prefix_path) discover
[0.492s] DEBUG:colcon.colcon_installed_package_information.package_discovery:Found 299 installed packages in /opt/ros/humble
[0.494s] Level 1:colcon.colcon_core.package_discovery:discover_packages(prefix_path) using defaults
[0.586s] Level 5:colcon.colcon_core.verb:set package 'cartographer_slam' build argument 'cmake_args' from command line to 'None'
[0.586s] Level 5:colcon.colcon_core.verb:set package 'cartographer_slam' build argument 'cmake_target' from command line to 'None'
[0.586s] Level 5:colcon.colcon_core.verb:set package 'cartographer_slam' build argument 'cmake_target_skip_unavailable' from command line to 'False'
[0.586s] Level 5:colcon.colcon_core.verb:set package 'cartographer_slam' build argument 'cmake_clean_cache' from command line to 'False'
[0.586s] Level 5:colcon.colcon_core.verb:set package 'cartographer_slam' build argument 'cmake_clean_first' from command line to 'False'
[0.586s] Level 5:colcon.colcon_core.verb:set package 'cartographer_slam' build argument 'cmake_force_configure' from command line to 'False'
[0.586s] Level 5:colcon.colcon_core.verb:set package 'cartographer_slam' build argument 'ament_cmake_args' from command line to 'None'
[0.586s] Level 5:colcon.colcon_core.verb:set package 'cartographer_slam' build argument 'catkin_cmake_args' from command line to 'None'
[0.586s] Level 5:colcon.colcon_core.verb:set package 'cartographer_slam' build argument 'catkin_skip_building_tests' from command line to 'False'
[0.586s] DEBUG:colcon.colcon_core.verb:Building package 'cartographer_slam' with the following arguments: {'ament_cmake_args': None, 'build_base': '/home/morg/project_masterclass_ws/src/rb1_nav/build/cartographer_slam', 'catkin_cmake_args': None, 'catkin_skip_building_tests': False, 'cmake_args': None, 'cmake_clean_cache': False, 'cmake_clean_first': False, 'cmake_force_configure': False, 'cmake_target': None, 'cmake_target_skip_unavailable': False, 'install_base': '/home/morg/project_masterclass_ws/src/rb1_nav/install/cartographer_slam', 'merge_install': False, 'path': '/home/morg/project_masterclass_ws/src/rb1_nav/cartographer_slam', 'symlink_install': False, 'test_result_base': None}
[0.587s] INFO:colcon.colcon_core.executor:Executing jobs using 'parallel' executor
[0.588s] DEBUG:colcon.colcon_parallel_executor.executor.parallel:run_until_complete
[0.589s] INFO:colcon.colcon_ros.task.ament_python.build:Building ROS package in '/home/morg/project_masterclass_ws/src/rb1_nav/cartographer_slam' with build type 'ament_python'
[0.589s] Level 1:colcon.colcon_core.shell:create_environment_hook('cartographer_slam', 'ament_prefix_path')
[0.596s] INFO:colcon.colcon_core.plugin_system:Skipping extension 'colcon_core.shell.bat': Not used on non-Windows systems
[0.597s] INFO:colcon.colcon_core.shell:Creating environment hook '/home/morg/project_masterclass_ws/src/rb1_nav/install/cartographer_slam/share/cartographer_slam/hook/ament_prefix_path.ps1'
[0.598s] INFO:colcon.colcon_core.shell:Creating environment descriptor '/home/morg/project_masterclass_ws/src/rb1_nav/install/cartographer_slam/share/cartographer_slam/hook/ament_prefix_path.dsv'
[0.600s] INFO:colcon.colcon_core.shell:Creating environment hook '/home/morg/project_masterclass_ws/src/rb1_nav/install/cartographer_slam/share/cartographer_slam/hook/ament_prefix_path.sh'
[0.602s] INFO:colcon.colcon_core.shell:Skip shell extension 'powershell' for command environment: Not usable outside of PowerShell
[0.602s] DEBUG:colcon.colcon_core.shell:Skip shell extension 'dsv' for command environment
[0.947s] INFO:colcon.colcon_core.task.python.build:Building Python package in '/home/morg/project_masterclass_ws/src/rb1_nav/cartographer_slam'
[0.948s] INFO:colcon.colcon_core.shell:Skip shell extension 'powershell' for command environment: Not usable outside of PowerShell
[0.948s] DEBUG:colcon.colcon_core.shell:Skip shell extension 'dsv' for command environment
[1.466s] DEBUG:colcon.colcon_core.event_handler.log_command:Invoking command in '/home/morg/project_masterclass_ws/src/rb1_nav/cartographer_slam': PYTHONPATH=/home/morg/project_masterclass_ws/src/rb1_nav/build/cartographer_slam/prefix_override:/home/morg/project_masterclass_ws/src/rb1_nav/install/cartographer_slam/lib/python3.10/site-packages:${PYTHONPATH} /usr/bin/python3 -W ignore:setup.py install is deprecated setup.py egg_info --egg-base ../build/cartographer_slam build --build-base /home/morg/project_masterclass_ws/src/rb1_nav/build/cartographer_slam/build install --record /home/morg/project_masterclass_ws/src/rb1_nav/build/cartographer_slam/install.log --single-version-externally-managed install_data
[1.840s] DEBUG:colcon.colcon_core.event_handler.log_command:Invoked command in '/home/morg/project_masterclass_ws/src/rb1_nav/cartographer_slam' returned '0': PYTHONPATH=/home/morg/project_masterclass_ws/src/rb1_nav/build/cartographer_slam/prefix_override:/home/morg/project_masterclass_ws/src/rb1_nav/install/cartographer_slam/lib/python3.10/site-packages:${PYTHONPATH} /usr/bin/python3 -W ignore:setup.py install is deprecated setup.py egg_info --egg-base ../build/cartographer_slam build --build-base /home/morg/project_masterclass_ws/src/rb1_nav/build/cartographer_slam/build install --record /home/morg/project_masterclass_ws/src/rb1_nav/build/cartographer_slam/install.log --single-version-externally-managed install_data
[1.850s] Level 1:colcon.colcon_core.environment:checking '/home/morg/project_masterclass_ws/src/rb1_nav/install/cartographer_slam' for CMake module files
[1.851s] Level 1:colcon.colcon_core.environment:checking '/home/morg/project_masterclass_ws/src/rb1_nav/install/cartographer_slam' for CMake config files
[1.852s] Level 1:colcon.colcon_core.environment:checking '/home/morg/project_masterclass_ws/src/rb1_nav/install/cartographer_slam/lib'
[1.852s] Level 1:colcon.colcon_core.environment:checking '/home/morg/project_masterclass_ws/src/rb1_nav/install/cartographer_slam/bin'
[1.852s] Level 1:colcon.colcon_core.environment:checking '/home/morg/project_masterclass_ws/src/rb1_nav/install/cartographer_slam/lib/pkgconfig/cartographer_slam.pc'
[1.853s] Level 1:colcon.colcon_core.environment:checking '/home/morg/project_masterclass_ws/src/rb1_nav/install/cartographer_slam/lib/python3.10/site-packages'
[1.853s] Level 1:colcon.colcon_core.shell:create_environment_hook('cartographer_slam', 'pythonpath')
[1.853s] INFO:colcon.colcon_core.shell:Creating environment hook '/home/morg/project_masterclass_ws/src/rb1_nav/install/cartographer_slam/share/cartographer_slam/hook/pythonpath.ps1'
[1.854s] INFO:colcon.colcon_core.shell:Creating environment descriptor '/home/morg/project_masterclass_ws/src/rb1_nav/install/cartographer_slam/share/cartographer_slam/hook/pythonpath.dsv'
[1.855s] INFO:colcon.colcon_core.shell:Creating environment hook '/home/morg/project_masterclass_ws/src/rb1_nav/install/cartographer_slam/share/cartographer_slam/hook/pythonpath.sh'
[1.856s] Level 1:colcon.colcon_core.environment:checking '/home/morg/project_masterclass_ws/src/rb1_nav/install/cartographer_slam/bin'
[1.856s] Level 1:colcon.colcon_core.environment:create_environment_scripts_only(cartographer_slam)
[1.857s] INFO:colcon.colcon_core.shell:Creating package script '/home/morg/project_masterclass_ws/src/rb1_nav/install/cartographer_slam/share/cartographer_slam/package.ps1'
[1.858s] INFO:colcon.colcon_core.shell:Creating package descriptor '/home/morg/project_masterclass_ws/src/rb1_nav/install/cartographer_slam/share/cartographer_slam/package.dsv'
[1.859s] INFO:colcon.colcon_core.shell:Creating package script '/home/morg/project_masterclass_ws/src/rb1_nav/install/cartographer_slam/share/cartographer_slam/package.sh'
[1.861s] INFO:colcon.colcon_core.shell:Creating package script '/home/morg/project_masterclass_ws/src/rb1_nav/install/cartographer_slam/share/cartographer_slam/package.bash'
[1.862s] INFO:colcon.colcon_core.shell:Creating package script '/home/morg/project_masterclass_ws/src/rb1_nav/install/cartographer_slam/share/cartographer_slam/package.zsh'
[1.863s] Level 1:colcon.colcon_core.environment:create_file_with_runtime_dependencies(/home/morg/project_masterclass_ws/src/rb1_nav/install/cartographer_slam/share/colcon-core/packages/cartographer_slam)
[1.864s] DEBUG:colcon.colcon_parallel_executor.executor.parallel:closing loop
[1.864s] DEBUG:colcon.colcon_parallel_executor.executor.parallel:loop closed
[1.864s] DEBUG:colcon.colcon_parallel_executor.executor.parallel:run_until_complete finished with '0'
[1.864s] DEBUG:colcon.colcon_core.event_reactor:joining thread
[1.873s] INFO:colcon.colcon_core.plugin_system:Skipping extension 'colcon_notification.desktop_notification.terminal_notifier': Not used on non-Darwin systems
[1.873s] INFO:colcon.colcon_core.plugin_system:Skipping extension 'colcon_notification.desktop_notification.win32': Not used on non-Windows systems
[1.873s] INFO:colcon.colcon_notification.desktop_notification:Sending desktop notification using 'notify2'
[1.894s] DEBUG:colcon.colcon_core.event_reactor:joined thread
[1.894s] INFO:colcon.colcon_core.shell:Creating prefix script '/home/morg/project_masterclass_ws/src/rb1_nav/install/local_setup.ps1'
[1.896s] INFO:colcon.colcon_core.shell:Creating prefix util module '/home/morg/project_masterclass_ws/src/rb1_nav/install/_local_setup_util_ps1.py'
[1.900s] INFO:colcon.colcon_core.shell:Creating prefix chain script '/home/morg/project_masterclass_ws/src/rb1_nav/install/setup.ps1'
[1.903s] INFO:colcon.colcon_core.shell:Creating prefix script '/home/morg/project_masterclass_ws/src/rb1_nav/install/local_setup.sh'
[1.904s] INFO:colcon.colcon_core.shell:Creating prefix util module '/home/morg/project_masterclass_ws/src/rb1_nav/install/_local_setup_util_sh.py'
[1.904s] INFO:colcon.colcon_core.shell:Creating prefix chain script '/home/morg/project_masterclass_ws/src/rb1_nav/install/setup.sh'
[1.906s] INFO:colcon.colcon_core.shell:Creating prefix script '/home/morg/project_masterclass_ws/src/rb1_nav/install/local_setup.bash'
[1.907s] INFO:colcon.colcon_core.shell:Creating prefix chain script '/home/morg/project_masterclass_ws/src/rb1_nav/install/setup.bash'
[1.909s] INFO:colcon.colcon_core.shell:Creating prefix script '/home/morg/project_masterclass_ws/src/rb1_nav/install/local_setup.zsh'
[1.911s] INFO:colcon.colcon_core.shell:Creating prefix chain script '/home/morg/project_masterclass_ws/src/rb1_nav/install/setup.zsh'
